<?xml version="1.0" encoding="UTF-8"?><testsuite errors="1" failures="0" name="org.fasttrackit.features.search.SearchTest" skipped="0" tests="1" time="13.69" timestamp="2022-07-22 02:18:35"><testcase classname="org.fasttrackit.features.search.SearchTest" name="Search product test"><error message="no such element: Unable to locate element: {&quot;method&quot;:&quot;css selector&quot;,&quot;selector&quot;:&quot;.post-48 .woocommerce-loop-product__title&quot;}&#10;  (Session info: chrome=103.0.5060.134)&#10;For documentation on this error, please visit: https://www.seleniumhq.org/exceptions/no_such_element.html&#10;Build info: version: '3.141.59', revision: 'e82be7d358', time: '2018-11-14T08:17:03'&#10;System info: host: 'DESKTOP-1L8Q9MR', ip: '192.168.100.27', os.name: 'Windows 10', os.arch: 'amd64', os.version: '10.0', java.version: '18.0.1.1'&#10;Driver info: org.openqa.selenium.chrome.ChromeDriver&#10;Capabilities {acceptInsecureCerts: false, browserName: chrome, browserVersion: 103.0.5060.134, chrome: {chromedriverVersion: 103.0.5060.134 (8ec6fce403b..., userDataDir: C:\Users\chiri\AppData\Loca...}, goog:chromeOptions: {debuggerAddress: localhost:58645}, javascriptEnabled: true, networkConnectionEnabled: false, pageLoadStrategy: normal, platform: WINDOWS, platformName: WINDOWS, proxy: Proxy(), setWindowRect: true, strictFileInteractability: false, timeouts: {implicit: 0, pageLoad: 300000, script: 30000}, unhandledPromptBehavior: dismiss and notify, webauthn:extension:credBlob: true, webauthn:extension:largeBlob: true, webauthn:virtualAuthenticators: true}&#10;Session ID: b080e18f02cef21c7eb0f8157d32211f&#10;*** Element info: {Using=css selector, value=.post-48 .woocommerce-loop-product__title}" type="org.openqa.selenium.NoSuchElementException">no such element: Unable to locate element: {"method":"css selector","selector":".post-48 .woocommerce-loop-product__title"}
  (Session info: chrome=103.0.5060.134)
For documentation on this error, please visit: https://www.seleniumhq.org/exceptions/no_such_element.html
Build info: version: '3.141.59', revision: 'e82be7d358', time: '2018-11-14T08:17:03'
System info: host: 'DESKTOP-1L8Q9MR', ip: '192.168.100.27', os.name: 'Windows 10', os.arch: 'amd64', os.version: '10.0', java.version: '18.0.1.1'
Driver info: org.openqa.selenium.chrome.ChromeDriver
Capabilities {acceptInsecureCerts: false, browserName: chrome, browserVersion: 103.0.5060.134, chrome: {chromedriverVersion: 103.0.5060.134 (8ec6fce403b..., userDataDir: C:\Users\chiri\AppData\Loca...}, goog:chromeOptions: {debuggerAddress: localhost:58645}, javascriptEnabled: true, networkConnectionEnabled: false, pageLoadStrategy: normal, platform: WINDOWS, platformName: WINDOWS, proxy: Proxy(), setWindowRect: true, strictFileInteractability: false, timeouts: {implicit: 0, pageLoad: 300000, script: 30000}, unhandledPromptBehavior: dismiss and notify, webauthn:extension:credBlob: true, webauthn:extension:largeBlob: true, webauthn:virtualAuthenticators: true}
Session ID: b080e18f02cef21c7eb0f8157d32211f
*** Element info: {Using=css selector, value=.post-48 .woocommerce-loop-product__title}</error><system-err>no such element: Unable to locate element: {"method":"css selector","selector":".post-48 .woocommerce-loop-product__title"}
  (Session info: chrome=103.0.5060.134)
For documentation on this error, please visit: https://www.seleniumhq.org/exceptions/no_such_element.html
Build info: version: '3.141.59', revision: 'e82be7d358', time: '2018-11-14T08:17:03'
System info: host: 'DESKTOP-1L8Q9MR', ip: '192.168.100.27', os.name: 'Windows 10', os.arch: 'amd64', os.version: '10.0', java.version: '18.0.1.1'
Driver info: org.openqa.selenium.chrome.ChromeDriver
Capabilities {acceptInsecureCerts: false, browserName: chrome, browserVersion: 103.0.5060.134, chrome: {chromedriverVersion: 103.0.5060.134 (8ec6fce403b..., userDataDir: C:\Users\chiri\AppData\Loca...}, goog:chromeOptions: {debuggerAddress: localhost:58645}, javascriptEnabled: true, networkConnectionEnabled: false, pageLoadStrategy: normal, platform: WINDOWS, platformName: WINDOWS, proxy: Proxy(), setWindowRect: true, strictFileInteractability: false, timeouts: {implicit: 0, pageLoad: 300000, script: 30000}, unhandledPromptBehavior: dismiss and notify, webauthn:extension:credBlob: true, webauthn:extension:largeBlob: true, webauthn:virtualAuthenticators: true}
Session ID: b080e18f02cef21c7eb0f8157d32211f
*** Element info: {Using=css selector, value=.post-48 .woocommerce-loop-product__title}&#13;
org.fasttrackit.pages.SearchResultsPage.checkListForProduct(SearchResultsPage.java:18)&#13;
org.fasttrackit.steps.serenity.SearchSteps.verifyProductInResults(SearchSteps.java:23)&#13;
org.fasttrackit.features.search.SearchTest.searchProductTest(SearchTest.java:16)&#13;
</system-err></testcase></testsuite>