<?xml version="1.0" encoding="UTF-8"?><testsuite errors="1" failures="0" name="org.fasttrackit.features.search.SearchTest" skipped="0" tests="1" time="175.81" timestamp="2022-07-20 10:31:05"><testcase classname="org.fasttrackit.features.search.SearchTest" name="Search product test"><error message="no such element: Unable to locate element: {&quot;method&quot;:&quot;css selector&quot;,&quot;selector&quot;:&quot;.entry-title a[href*='V-NECK T-SHIRT']&quot;}&#10;  (Session info: chrome=103.0.5060.114)&#10;For documentation on this error, please visit: https://www.seleniumhq.org/exceptions/no_such_element.html&#10;Build info: version: '3.141.59', revision: 'e82be7d358', time: '2018-11-14T08:17:03'&#10;System info: host: 'DESKTOP-1L8Q9MR', ip: '192.168.100.27', os.name: 'Windows 10', os.arch: 'amd64', os.version: '10.0', java.version: '18.0.1.1'&#10;Driver info: org.openqa.selenium.chrome.ChromeDriver&#10;Capabilities {acceptInsecureCerts: false, browserName: chrome, browserVersion: 103.0.5060.114, chrome: {chromedriverVersion: 103.0.5060.134 (8ec6fce403b..., userDataDir: C:\Users\chiri\AppData\Loca...}, goog:chromeOptions: {debuggerAddress: localhost:64364}, javascriptEnabled: true, networkConnectionEnabled: false, pageLoadStrategy: normal, platform: WINDOWS, platformName: WINDOWS, proxy: Proxy(), setWindowRect: true, strictFileInteractability: false, timeouts: {implicit: 0, pageLoad: 300000, script: 30000}, unhandledPromptBehavior: dismiss and notify, webauthn:extension:credBlob: true, webauthn:extension:largeBlob: true, webauthn:virtualAuthenticators: true}&#10;Session ID: 64cc09083041f79a93c1250e91d3775c&#10;*** Element info: {Using=css selector, value=.entry-title a[href*='V-NECK T-SHIRT']}" type="org.openqa.selenium.NoSuchElementException">no such element: Unable to locate element: {"method":"css selector","selector":".entry-title a[href*='V-NECK T-SHIRT']"}
  (Session info: chrome=103.0.5060.114)
For documentation on this error, please visit: https://www.seleniumhq.org/exceptions/no_such_element.html
Build info: version: '3.141.59', revision: 'e82be7d358', time: '2018-11-14T08:17:03'
System info: host: 'DESKTOP-1L8Q9MR', ip: '192.168.100.27', os.name: 'Windows 10', os.arch: 'amd64', os.version: '10.0', java.version: '18.0.1.1'
Driver info: org.openqa.selenium.chrome.ChromeDriver
Capabilities {acceptInsecureCerts: false, browserName: chrome, browserVersion: 103.0.5060.114, chrome: {chromedriverVersion: 103.0.5060.134 (8ec6fce403b..., userDataDir: C:\Users\chiri\AppData\Loca...}, goog:chromeOptions: {debuggerAddress: localhost:64364}, javascriptEnabled: true, networkConnectionEnabled: false, pageLoadStrategy: normal, platform: WINDOWS, platformName: WINDOWS, proxy: Proxy(), setWindowRect: true, strictFileInteractability: false, timeouts: {implicit: 0, pageLoad: 300000, script: 30000}, unhandledPromptBehavior: dismiss and notify, webauthn:extension:credBlob: true, webauthn:extension:largeBlob: true, webauthn:virtualAuthenticators: true}
Session ID: 64cc09083041f79a93c1250e91d3775c
*** Element info: {Using=css selector, value=.entry-title a[href*='V-NECK T-SHIRT']}</error><system-err>no such element: Unable to locate element: {"method":"css selector","selector":".entry-title a[href*='V-NECK T-SHIRT']"}
  (Session info: chrome=103.0.5060.114)
For documentation on this error, please visit: https://www.seleniumhq.org/exceptions/no_such_element.html
Build info: version: '3.141.59', revision: 'e82be7d358', time: '2018-11-14T08:17:03'
System info: host: 'DESKTOP-1L8Q9MR', ip: '192.168.100.27', os.name: 'Windows 10', os.arch: 'amd64', os.version: '10.0', java.version: '18.0.1.1'
Driver info: org.openqa.selenium.chrome.ChromeDriver
Capabilities {acceptInsecureCerts: false, browserName: chrome, browserVersion: 103.0.5060.114, chrome: {chromedriverVersion: 103.0.5060.134 (8ec6fce403b..., userDataDir: C:\Users\chiri\AppData\Loca...}, goog:chromeOptions: {debuggerAddress: localhost:64364}, javascriptEnabled: true, networkConnectionEnabled: false, pageLoadStrategy: normal, platform: WINDOWS, platformName: WINDOWS, proxy: Proxy(), setWindowRect: true, strictFileInteractability: false, timeouts: {implicit: 0, pageLoad: 300000, script: 30000}, unhandledPromptBehavior: dismiss and notify, webauthn:extension:credBlob: true, webauthn:extension:largeBlob: true, webauthn:virtualAuthenticators: true}
Session ID: 64cc09083041f79a93c1250e91d3775c
*** Element info: {Using=css selector, value=.entry-title a[href*='V-NECK T-SHIRT']}&#13;
org.fasttrackit.pages.SearchResultsPage.checkListForProduct(SearchResultsPage.java:23)&#13;
org.fasttrackit.steps.serenity.SearchSteps.verifyProductInResults(SearchSteps.java:23)&#13;
org.fasttrackit.features.search.SearchTest.searchProductTest(SearchTest.java:17)&#13;
</system-err></testcase></testsuite>